{"C:\\Users\\SwiftCode\\Desktop\\New folder (3)\\DesignPatterns\\designPattern.js": {"path":"C:\\Users\\SwiftCode\\Desktop\\New folder (3)\\DesignPatterns\\designPattern.js","statementMap":{"0":{"start":{"line":2,"column":2},"end":{"line":2,"column":37}},"1":{"start":{"line":3,"column":2},"end":{"line":3,"column":45}},"2":{"start":{"line":4,"column":2},"end":{"line":4,"column":25}},"3":{"start":{"line":5,"column":2},"end":{"line":5,"column":20}},"4":{"start":{"line":9,"column":2},"end":{"line":9,"column":37}},"5":{"start":{"line":10,"column":2},"end":{"line":10,"column":45}},"6":{"start":{"line":11,"column":2},"end":{"line":11,"column":25}},"7":{"start":{"line":12,"column":2},"end":{"line":12,"column":22}},"8":{"start":{"line":16,"column":2},"end":{"line":23,"column":4}},"9":{"start":{"line":17,"column":4},"end":{"line":22,"column":5}},"10":{"start":{"line":19,"column":8},"end":{"line":19,"column":48}},"11":{"start":{"line":21,"column":8},"end":{"line":21,"column":50}},"12":{"start":{"line":26,"column":23},"end":{"line":26,"column":43}},"13":{"start":{"line":27,"column":17},"end":{"line":27,"column":19}},"14":{"start":{"line":29,"column":0},"end":{"line":29,"column":53}},"15":{"start":{"line":30,"column":0},"end":{"line":30,"column":53}},"16":{"start":{"line":32,"column":0},"end":{"line":32,"column":36}}},"fnMap":{"0":{"name":"Car","decl":{"start":{"line":1,"column":9},"end":{"line":1,"column":12}},"loc":{"start":{"line":1,"column":56},"end":{"line":6,"column":1}},"line":1},"1":{"name":"Plane","decl":{"start":{"line":8,"column":9},"end":{"line":8,"column":14}},"loc":{"start":{"line":8,"column":58},"end":{"line":13,"column":1}},"line":8},"2":{"name":"VehicleFactory","decl":{"start":{"line":15,"column":9},"end":{"line":15,"column":23}},"loc":{"start":{"line":15,"column":26},"end":{"line":24,"column":1}},"line":15},"3":{"name":"(anonymous_3)","decl":{"start":{"line":16,"column":16},"end":{"line":16,"column":17}},"loc":{"start":{"line":16,"column":51},"end":{"line":23,"column":3}},"line":16}},"branchMap":{"0":{"loc":{"start":{"line":17,"column":4},"end":{"line":22,"column":5}},"type":"switch","locations":[{"start":{"line":18,"column":6},"end":{"line":19,"column":48}},{"start":{"line":20,"column":6},"end":{"line":21,"column":50}}],"line":17}},"s":{"0":3,"1":3,"2":3,"3":3,"4":2,"5":2,"6":2,"7":2,"8":2,"9":5,"10":3,"11":2,"12":1,"13":1,"14":1,"15":1,"16":1},"f":{"0":3,"1":2,"2":2,"3":5},"b":{"0":[3,2]},"_coverageSchema":"1a1c01bbd47fc00a2c39e90264f33305004495a9","hash":"82eed9c94e6fab024aa3181662d0bbd497bcd01a"}
}
